2025-09-29 21:37:56 | METRICS | BOT_STOPPED | STATUS=STOPPED
2025-09-29 21:38:03 | METRICS | BOT_STOPPED | STATUS=STOPPED
2025-09-29 21:38:12 | METRICS | BOT_STOPPED | STATUS=STOPPED
2025-09-29 21:38:19 | METRICS | BOT_STOPPED | STATUS=STOPPED
2025-09-29 21:38:28 | METRICS | BOT_STOPPED | STATUS=STOPPED
2025-09-29 21:38:42 | METRICS | BOT_STOPPED | STATUS=STOPPED
2025-09-29 21:38:52 | METRICS | BOT_STOPPED | STATUS=STOPPED
2025-09-29 21:38:59 | METRICS | BOT_STOPPED | STATUS=STOPPED
2025-09-29 21:39:49 | METRICS | TEST_METRIC | VALUE=123 | STATUS=SUCCESS
2025-09-29 21:41:29 | METRICS | BOT_STOPPED | STATUS=STOPPED
2025-09-29 21:41:55 | METRICS | BOT_STOPPED | STATUS=STOPPED
2025-09-29 21:43:57 | METRICS | BOT_INITIALIZED | STATUS=SUCCESS
2025-09-29 21:43:57 | METRICS | CYCLE_57 | ACTIVE_USERS=5 | CONNECTED_USERS=5 | CONNECTIONS=9
2025-09-29 21:43:57 | METRICS | AI_ANALYSIS | USER=1 | SYMBOL=ADAUSDT | SIGNAL=hold | CONFIDENCE=86.1 | PRICE=3996.3906
2025-09-29 21:43:57 | METRICS | AI_ANALYSIS | USER=2 | SYMBOL=ADAUSDT | SIGNAL=hold | CONFIDENCE=62.9 | PRICE=3341.6756
2025-09-29 21:43:57 | METRICS | AI_ANALYSIS | USER=3 | SYMBOL=ADAUSDT | SIGNAL=buy | CONFIDENCE=81.5 | PRICE=2967.8225
2025-09-29 21:43:57 | METRICS | TRADE_EXECUTED | USER=3 | SYMBOL=ADAUSDT | SIDE=buy | QTY=0.035906 | PRICE=2968.2453 | VALUE=$106.68 | FEE=$0.1077 | CONFIDENCE=81.5 | TEST=False | DURATION=1.32s
2025-09-29 21:43:57 | METRICS | AI_ANALYSIS | USER=4 | SYMBOL=ETHUSDT | SIGNAL=sell | CONFIDENCE=94.8 | PRICE=2137.7156
2025-09-29 21:43:57 | METRICS | TRADE_EXECUTED | USER=4 | SYMBOL=ETHUSDT | SIDE=sell | QTY=0.099863 | PRICE=2137.2567 | VALUE=$213.65 | FEE=$0.2167 | CONFIDENCE=94.8 | TEST=False | DURATION=1.23s
2025-09-29 21:43:58 | METRICS | AI_ANALYSIS | USER=5 | SYMBOL=ADAUSDT | SIGNAL=buy | CONFIDENCE=79.5 | PRICE=2451.4907
2025-09-29 21:43:58 | METRICS | TRADE_REJECTED | USER=5 | SYMBOL=ADAUSDT | REASON=Risk threshold exceeded
2025-09-29 21:43:58 | METRICS | CYCLE_57_COMPLETED | DURATION=66.79s | PROCESSED_USERS=5
2025-09-29 21:43:59 | METRICS | CYCLE_68 | ACTIVE_USERS=6 | CONNECTED_USERS=3 | CONNECTIONS=6
2025-09-29 21:43:59 | METRICS | AI_ANALYSIS | USER=1 | SYMBOL=SOLUSDT | SIGNAL=hold | CONFIDENCE=73.0 | PRICE=1314.8525
2025-09-29 21:43:59 | METRICS | AI_ANALYSIS | USER=2 | SYMBOL=DOTUSDT | SIGNAL=hold | CONFIDENCE=86.1 | PRICE=1288.6171
2025-09-29 21:43:59 | METRICS | AI_ANALYSIS | USER=3 | SYMBOL=ETHUSDT | SIGNAL=sell | CONFIDENCE=87.4 | PRICE=1249.4027
2025-09-29 21:43:59 | METRICS | TRADE_EXECUTED | USER=3 | SYMBOL=ETHUSDT | SIDE=sell | QTY=0.048427 | PRICE=1248.9328 | VALUE=$60.54 | FEE=$0.0609 | CONFIDENCE=87.4 | TEST=True | DURATION=1.08s
2025-09-29 21:43:59 | METRICS | AI_ANALYSIS | USER=4 | SYMBOL=SOLUSDT | SIGNAL=buy | CONFIDENCE=73.8 | PRICE=2599.7010
2025-09-29 21:43:59 | METRICS | TRADE_EXECUTED | USER=4 | SYMBOL=SOLUSDT | SIDE=buy | QTY=0.123794 | PRICE=2598.7323 | VALUE=$322.04 | FEE=$0.3274 | CONFIDENCE=73.8 | TEST=False | DURATION=1.41s
2025-09-29 21:44:00 | METRICS | AI_ANALYSIS | USER=5 | SYMBOL=DOTUSDT | SIGNAL=buy | CONFIDENCE=66.6 | PRICE=3186.3224
2025-09-29 21:44:00 | METRICS | TRADE_EXECUTED | USER=5 | SYMBOL=DOTUSDT | SIDE=buy | QTY=0.069051 | PRICE=3186.5509 | VALUE=$220.26 | FEE=$0.2232 | CONFIDENCE=66.6 | TEST=False | DURATION=1.66s
2025-09-29 21:44:00 | METRICS | AI_ANALYSIS | USER=6 | SYMBOL=DOTUSDT | SIGNAL=sell | CONFIDENCE=74.3 | PRICE=1262.8046
2025-09-29 21:44:00 | METRICS | TRADE_EXECUTED | USER=6 | SYMBOL=DOTUSDT | SIDE=sell | QTY=0.054138 | PRICE=1262.2934 | VALUE=$68.41 | FEE=$0.0697 | CONFIDENCE=74.3 | TEST=False | DURATION=1.41s
2025-09-29 21:44:00 | METRICS | CYCLE_68_COMPLETED | DURATION=66.46s | PROCESSED_USERS=6
2025-09-29 21:44:01 | METRICS | CYCLE_10 | ACTIVE_USERS=5 | CONNECTED_USERS=5 | CONNECTIONS=9
2025-09-29 21:44:01 | METRICS | AI_ANALYSIS | USER=1 | SYMBOL=DOTUSDT | SIGNAL=buy | CONFIDENCE=79.2 | PRICE=3164.4594
2025-09-29 21:44:01 | METRICS | TRADE_EXECUTED | USER=1 | SYMBOL=DOTUSDT | SIDE=buy | QTY=0.024729 | PRICE=3164.4378 | VALUE=$78.33 | FEE=$0.0784 | CONFIDENCE=79.2 | TEST=False | DURATION=0.59s
2025-09-29 21:44:02 | METRICS | AI_ANALYSIS | USER=2 | SYMBOL=SOLUSDT | SIGNAL=sell | CONFIDENCE=62.1 | PRICE=3549.2774
2025-09-29 21:44:02 | METRICS | TRADE_EXECUTED | USER=2 | SYMBOL=SOLUSDT | SIDE=sell | QTY=0.019384 | PRICE=3550.6449 | VALUE=$68.90 | FEE=$0.0691 | CONFIDENCE=62.1 | TEST=False | DURATION=1.00s
2025-09-29 21:44:02 | METRICS | AI_ANALYSIS | USER=3 | SYMBOL=ETHUSDT | SIGNAL=buy | CONFIDENCE=61.4 | PRICE=2281.4149
2025-09-29 21:44:02 | METRICS | TRADE_EXECUTED | USER=3 | SYMBOL=ETHUSDT | SIDE=buy | QTY=0.021662 | PRICE=2282.0581 | VALUE=$49.48 | FEE=$0.0500 | CONFIDENCE=61.4 | TEST=True | DURATION=1.20s
2025-09-29 21:44:02 | METRICS | AI_ANALYSIS | USER=4 | SYMBOL=ETHUSDT | SIGNAL=sell | CONFIDENCE=77.9 | PRICE=2806.9300
2025-09-29 21:44:02 | METRICS | TRADE_REJECTED | USER=4 | SYMBOL=ETHUSDT | REASON=Risk threshold exceeded
2025-09-29 21:44:02 | METRICS | AI_ANALYSIS | USER=5 | SYMBOL=SOLUSDT | SIGNAL=hold | CONFIDENCE=92.4 | PRICE=3980.8718
2025-09-29 21:44:03 | METRICS | CYCLE_10_COMPLETED | DURATION=66.54s | PROCESSED_USERS=5
2025-09-29 21:44:03 | METRICS | BOT_STOPPED | STATUS=STOPPED
2025-09-29 22:02:02 | METRICS | BOT_STOPPED | STATUS=STOPPED
2025-09-29 22:03:57 | METRICS | BOT_STOPPED | STATUS=STOPPED
2025-09-29 22:18:47 | METRICS | BOT_STOPPED | STATUS=STOPPED
2025-09-29 22:19:05 | METRICS | BOT_STOPPED | STATUS=STOPPED
2025-09-29 22:19:16 | METRICS | BOT_STOPPED | STATUS=STOPPED
2025-09-29 22:19:46 | METRICS | BOT_STOPPED | STATUS=STOPPED
2025-09-29 22:19:57 | METRICS | BOT_STOPPED | STATUS=STOPPED
2025-09-29 22:20:26 | METRICS | BOT_STOPPED | STATUS=STOPPED
2025-09-29 22:34:28 | METRICS | BOT_STOPPED | STATUS=STOPPED
2025-09-29 22:35:18 | METRICS | BOT_STOPPED | STATUS=STOPPED
2025-09-29 22:43:19 | METRICS | BOT_STOPPED | STATUS=STOPPED
2025-09-29 22:44:52 | METRICS | BOT_STOPPED | STATUS=STOPPED
2025-09-29 22:45:03 | METRICS | BOT_STOPPED | STATUS=STOPPED
2025-09-29 22:45:13 | METRICS | BOT_STOPPED | STATUS=STOPPED
2025-09-29 22:45:23 | METRICS | BOT_STOPPED | STATUS=STOPPED
2025-09-29 22:45:43 | METRICS | BOT_STOPPED | STATUS=STOPPED
2025-09-29 22:46:00 | METRICS | BOT_STOPPED | STATUS=STOPPED
2025-09-29 22:46:47 | METRICS | BOT_STOPPED | STATUS=STOPPED
2025-09-29 22:46:52 | METRICS | BOT_INITIALIZED | STATUS=SUCCESS
2025-09-29 22:46:52 | METRICS | BOT_STARTED | STATUS=RUNNING
2025-09-29 22:48:47 | METRICS | BOT_STOPPED | STATUS=STOPPED
2025-09-29 22:48:52 | METRICS | BOT_INITIALIZED | STATUS=SUCCESS
2025-09-29 22:48:52 | METRICS | BOT_STARTED | STATUS=RUNNING
2025-09-29 22:48:52 | METRICS | BOT_STOPPED | STATUS=STOPPED
2025-09-29 22:48:59 | METRICS | BOT_INITIALIZED | STATUS=SUCCESS
2025-09-29 22:48:59 | METRICS | BOT_STARTED | STATUS=RUNNING
2025-09-29 22:53:10 | METRICS | BOT_STOPPED | STATUS=STOPPED
2025-09-29 22:53:16 | METRICS | BOT_INITIALIZED | STATUS=SUCCESS
2025-09-29 22:53:16 | METRICS | BOT_STARTED | STATUS=RUNNING
2025-09-29 22:53:50 | METRICS | BOT_STOPPED | STATUS=STOPPED
2025-09-29 22:54:03 | METRICS | BOT_INITIALIZED | STATUS=SUCCESS
2025-09-29 22:54:03 | METRICS | BOT_STARTED | STATUS=RUNNING
2025-09-29 22:56:37 | METRICS | BOT_STOPPED | STATUS=STOPPED
2025-09-29 22:56:45 | METRICS | BOT_INITIALIZED | STATUS=SUCCESS
2025-09-29 22:56:45 | METRICS | BOT_STARTED | STATUS=RUNNING
2025-09-29 22:56:49 | METRICS | BOT_STOPPED | STATUS=STOPPED
2025-09-29 22:56:58 | METRICS | BOT_INITIALIZED | STATUS=SUCCESS
2025-09-29 22:56:58 | METRICS | BOT_STARTED | STATUS=RUNNING
2025-09-29 22:59:15 | METRICS | BOT_STOPPED | STATUS=STOPPED
2025-09-29 22:59:59 | METRICS | BOT_INITIALIZED | STATUS=SUCCESS
2025-09-29 22:59:59 | METRICS | BOT_STARTED | STATUS=RUNNING
2025-09-29 23:00:30 | METRICS | BOT_STOPPED | STATUS=STOPPED
2025-09-29 23:00:40 | METRICS | BOT_INITIALIZED | STATUS=SUCCESS
2025-09-29 23:00:40 | METRICS | BOT_STARTED | STATUS=RUNNING
2025-09-29 23:02:02 | METRICS | BOT_STOPPED | STATUS=STOPPED
2025-09-29 23:02:10 | METRICS | BOT_INITIALIZED | STATUS=SUCCESS
2025-09-29 23:02:10 | METRICS | BOT_STARTED | STATUS=RUNNING
2025-09-29 23:02:10 | METRICS | CYCLE_1 | ACTIVE_USERS=1 | CONNECTED_USERS=0 | CONNECTIONS=0
2025-09-29 23:02:21 | METRICS | AI_ANALYSIS | USER=1 | SYMBOL=BTCUSDT | SIGNAL=hold | CONFIDENCE=0.0 | PRICE=114205.9300
2025-09-29 23:02:21 | METRICS | CYCLE_1_COMPLETED | DURATION=11.23s | PROCESSED_USERS=1
2025-09-29 23:02:24 | METRICS | BOT_STOPPED | STATUS=STOPPED
2025-09-29 23:02:42 | METRICS | BOT_INITIALIZED | STATUS=SUCCESS
2025-09-29 23:02:42 | METRICS | BOT_STARTED | STATUS=RUNNING
2025-09-29 23:02:42 | METRICS | CYCLE_1 | ACTIVE_USERS=1 | CONNECTED_USERS=0 | CONNECTIONS=0
2025-09-29 23:02:45 | METRICS | AI_ANALYSIS | USER=1 | SYMBOL=BTCUSDT | SIGNAL=hold | CONFIDENCE=0.0 | PRICE=114228.0000
2025-09-29 23:02:45 | METRICS | CYCLE_1_COMPLETED | DURATION=3.15s | PROCESSED_USERS=1
2025-09-29 23:03:45 | METRICS | CYCLE_2 | ACTIVE_USERS=1 | CONNECTED_USERS=0 | CONNECTIONS=0
2025-09-29 23:03:48 | METRICS | AI_ANALYSIS | USER=1 | SYMBOL=BTCUSDT | SIGNAL=hold | CONFIDENCE=0.0 | PRICE=114298.0800
2025-09-29 23:03:48 | METRICS | CYCLE_2_COMPLETED | DURATION=2.45s | PROCESSED_USERS=1
2025-09-29 23:04:06 | METRICS | BOT_STOPPED | STATUS=STOPPED
2025-09-29 23:04:18 | METRICS | BOT_INITIALIZED | STATUS=SUCCESS
2025-09-29 23:04:18 | METRICS | BOT_STARTED | STATUS=RUNNING
2025-09-29 23:04:18 | METRICS | CYCLE_1 | ACTIVE_USERS=1 | CONNECTED_USERS=0 | CONNECTIONS=0
2025-09-29 23:04:21 | METRICS | AI_ANALYSIS | USER=1 | SYMBOL=BTCUSDT | SIGNAL=hold | CONFIDENCE=0.0 | PRICE=114350.7800
2025-09-29 23:04:21 | METRICS | CYCLE_1_COMPLETED | DURATION=2.45s | PROCESSED_USERS=1
2025-09-29 23:04:42 | METRICS | BOT_STOPPED | STATUS=STOPPED
2025-09-29 23:04:56 | METRICS | BOT_INITIALIZED | STATUS=SUCCESS
2025-09-29 23:04:56 | METRICS | BOT_STARTED | STATUS=RUNNING
2025-09-29 23:04:56 | METRICS | CYCLE_1 | ACTIVE_USERS=1 | CONNECTED_USERS=0 | CONNECTIONS=0
2025-09-29 23:04:58 | METRICS | BOT_STOPPED | STATUS=STOPPED
2025-09-29 23:05:08 | METRICS | BOT_INITIALIZED | STATUS=SUCCESS
2025-09-29 23:05:08 | METRICS | BOT_STARTED | STATUS=RUNNING
2025-09-29 23:05:08 | METRICS | CYCLE_1 | ACTIVE_USERS=1 | CONNECTED_USERS=0 | CONNECTIONS=0
2025-09-29 23:05:10 | METRICS | BOT_STOPPED | STATUS=STOPPED
2025-09-29 23:05:22 | METRICS | BOT_INITIALIZED | STATUS=SUCCESS
2025-09-29 23:05:22 | METRICS | BOT_STARTED | STATUS=RUNNING
2025-09-29 23:05:22 | METRICS | CYCLE_1 | ACTIVE_USERS=1 | CONNECTED_USERS=0 | CONNECTIONS=0
2025-09-29 23:05:24 | METRICS | AI_ANALYSIS | USER=1 | SYMBOL=BTCUSDT | SIGNAL=hold | CONFIDENCE=0.0 | PRICE=114262.9900
2025-09-29 23:05:24 | METRICS | CYCLE_1_COMPLETED | DURATION=2.37s | PROCESSED_USERS=1
2025-09-29 23:05:29 | METRICS | BOT_STOPPED | STATUS=STOPPED
2025-09-29 23:05:39 | METRICS | BOT_INITIALIZED | STATUS=SUCCESS
2025-09-29 23:05:39 | METRICS | BOT_STARTED | STATUS=RUNNING
2025-09-29 23:05:39 | METRICS | CYCLE_1 | ACTIVE_USERS=1 | CONNECTED_USERS=0 | CONNECTIONS=0
2025-09-29 23:05:42 | METRICS | AI_ANALYSIS | USER=1 | SYMBOL=BTCUSDT | SIGNAL=hold | CONFIDENCE=0.0 | PRICE=114235.6300
2025-09-29 23:05:42 | METRICS | CYCLE_1_COMPLETED | DURATION=3.13s | PROCESSED_USERS=1
2025-09-29 23:05:42 | METRICS | BOT_STOPPED | STATUS=STOPPED
2025-09-29 23:05:55 | METRICS | BOT_INITIALIZED | STATUS=SUCCESS
2025-09-29 23:05:55 | METRICS | BOT_STARTED | STATUS=RUNNING
2025-09-29 23:05:55 | METRICS | CYCLE_1 | ACTIVE_USERS=1 | CONNECTED_USERS=0 | CONNECTIONS=0
2025-09-29 23:05:58 | METRICS | AI_ANALYSIS | USER=1 | SYMBOL=BTCUSDT | SIGNAL=hold | CONFIDENCE=0.0 | PRICE=114235.6300
2025-09-29 23:05:58 | METRICS | CYCLE_1_COMPLETED | DURATION=2.95s | PROCESSED_USERS=1
2025-09-29 23:06:14 | METRICS | BOT_STOPPED | STATUS=STOPPED
2025-09-29 23:06:24 | METRICS | BOT_INITIALIZED | STATUS=SUCCESS
2025-09-29 23:06:24 | METRICS | BOT_STARTED | STATUS=RUNNING
2025-09-29 23:06:25 | METRICS | BOT_STOPPED | STATUS=STOPPED
2025-09-29 23:06:35 | METRICS | BOT_INITIALIZED | STATUS=SUCCESS
2025-09-29 23:06:35 | METRICS | BOT_STARTED | STATUS=RUNNING
2025-09-29 23:06:35 | METRICS | BOT_STOPPED | STATUS=STOPPED
2025-09-29 23:06:45 | METRICS | BOT_INITIALIZED | STATUS=SUCCESS
2025-09-29 23:06:45 | METRICS | BOT_STARTED | STATUS=RUNNING
2025-09-29 23:06:45 | METRICS | CYCLE_1 | ACTIVE_USERS=1 | CONNECTED_USERS=0 | CONNECTIONS=0
2025-09-29 23:06:54 | METRICS | BOT_STOPPED | STATUS=STOPPED
2025-09-29 23:07:05 | METRICS | BOT_INITIALIZED | STATUS=SUCCESS
2025-09-29 23:07:05 | METRICS | BOT_STARTED | STATUS=RUNNING
2025-09-29 23:07:05 | METRICS | CYCLE_1 | ACTIVE_USERS=1 | CONNECTED_USERS=0 | CONNECTIONS=0
2025-09-29 23:07:21 | METRICS | AI_ANALYSIS | USER=1 | SYMBOL=BTCUSDT | SIGNAL=hold | CONFIDENCE=0.0 | PRICE=114300.0000
2025-09-29 23:07:21 | METRICS | CYCLE_1_COMPLETED | DURATION=16.87s | PROCESSED_USERS=1
2025-09-29 23:08:21 | METRICS | CYCLE_2 | ACTIVE_USERS=1 | CONNECTED_USERS=0 | CONNECTIONS=0
2025-09-29 23:08:44 | METRICS | AI_ANALYSIS | USER=1 | SYMBOL=BTCUSDT | SIGNAL=hold | CONFIDENCE=0.0 | PRICE=114301.4500
2025-09-29 23:08:44 | METRICS | CYCLE_2_COMPLETED | DURATION=22.82s | PROCESSED_USERS=1
2025-09-29 23:08:52 | METRICS | BOT_STOPPED | STATUS=STOPPED
2025-09-29 23:09:04 | METRICS | BOT_INITIALIZED | STATUS=SUCCESS
2025-09-29 23:09:04 | METRICS | BOT_STARTED | STATUS=RUNNING
2025-09-29 23:09:04 | METRICS | CYCLE_1 | ACTIVE_USERS=1 | CONNECTED_USERS=0 | CONNECTIONS=0
2025-09-29 23:09:28 | METRICS | AI_ANALYSIS | USER=1 | SYMBOL=BTCUSDT | SIGNAL=hold | CONFIDENCE=0.0 | PRICE=114270.3300
2025-09-29 23:09:28 | METRICS | CYCLE_1_COMPLETED | DURATION=24.53s | PROCESSED_USERS=1
2025-09-29 23:10:28 | METRICS | CYCLE_2 | ACTIVE_USERS=1 | CONNECTED_USERS=0 | CONNECTIONS=0
2025-09-29 23:10:43 | METRICS | AI_ANALYSIS | USER=1 | SYMBOL=BTCUSDT | SIGNAL=hold | CONFIDENCE=0.0 | PRICE=114303.6600
2025-09-29 23:10:43 | METRICS | CYCLE_2_COMPLETED | DURATION=15.10s | PROCESSED_USERS=1
2025-09-29 23:11:43 | METRICS | CYCLE_3 | ACTIVE_USERS=1 | CONNECTED_USERS=0 | CONNECTIONS=0
2025-09-29 23:12:07 | METRICS | AI_ANALYSIS | USER=1 | SYMBOL=BTCUSDT | SIGNAL=hold | CONFIDENCE=0.0 | PRICE=114317.2300
2025-09-29 23:12:07 | METRICS | CYCLE_3_COMPLETED | DURATION=23.73s | PROCESSED_USERS=1
2025-09-29 23:12:34 | METRICS | BOT_STOPPED | STATUS=STOPPED
2025-09-29 23:12:45 | METRICS | BOT_INITIALIZED | STATUS=SUCCESS
2025-09-29 23:12:45 | METRICS | BOT_STARTED | STATUS=RUNNING
2025-09-29 23:12:45 | METRICS | CYCLE_1 | ACTIVE_USERS=1 | CONNECTED_USERS=0 | CONNECTIONS=0
2025-09-29 23:12:51 | METRICS | BOT_STOPPED | STATUS=STOPPED
2025-09-29 23:13:03 | METRICS | BOT_INITIALIZED | STATUS=SUCCESS
2025-09-29 23:13:03 | METRICS | BOT_STARTED | STATUS=RUNNING
2025-09-29 23:13:03 | METRICS | CYCLE_1 | ACTIVE_USERS=1 | CONNECTED_USERS=0 | CONNECTIONS=0
2025-09-29 23:13:05 | METRICS | AI_ANALYSIS | USER=1 | SYMBOL=BTCUSDT | SIGNAL=hold | CONFIDENCE=0.0 | PRICE=114222.0000
2025-09-29 23:13:05 | METRICS | CYCLE_1_COMPLETED | DURATION=2.29s | PROCESSED_USERS=1
2025-09-29 23:13:05 | METRICS | BOT_STOPPED | STATUS=STOPPED
2025-09-29 23:13:15 | METRICS | BOT_INITIALIZED | STATUS=SUCCESS
2025-09-29 23:13:15 | METRICS | BOT_STARTED | STATUS=RUNNING
2025-09-29 23:13:15 | METRICS | CYCLE_1 | ACTIVE_USERS=1 | CONNECTED_USERS=0 | CONNECTIONS=0
2025-09-29 23:13:17 | METRICS | AI_ANALYSIS | USER=1 | SYMBOL=BTCUSDT | SIGNAL=hold | CONFIDENCE=0.0 | PRICE=114222.0000
2025-09-29 23:13:17 | METRICS | CYCLE_1_COMPLETED | DURATION=2.34s | PROCESSED_USERS=1
2025-09-29 23:13:36 | METRICS | BOT_STOPPED | STATUS=STOPPED
2025-09-29 23:13:46 | METRICS | BOT_INITIALIZED | STATUS=SUCCESS
2025-09-29 23:13:46 | METRICS | BOT_STARTED | STATUS=RUNNING
2025-09-29 23:13:46 | METRICS | BOT_STOPPED | STATUS=STOPPED
2025-09-29 23:13:57 | METRICS | BOT_INITIALIZED | STATUS=SUCCESS
2025-09-29 23:13:57 | METRICS | BOT_STARTED | STATUS=RUNNING
2025-09-29 23:13:57 | METRICS | BOT_STOPPED | STATUS=STOPPED
2025-09-29 23:14:06 | METRICS | BOT_INITIALIZED | STATUS=SUCCESS
2025-09-29 23:14:06 | METRICS | BOT_STARTED | STATUS=RUNNING
2025-09-29 23:14:06 | METRICS | CYCLE_1 | ACTIVE_USERS=1 | CONNECTED_USERS=0 | CONNECTIONS=0
2025-09-29 23:14:09 | METRICS | AI_ANALYSIS | USER=1 | SYMBOL=BTCUSDT | SIGNAL=hold | CONFIDENCE=0.0 | PRICE=114216.4500
2025-09-29 23:14:09 | METRICS | CYCLE_1_COMPLETED | DURATION=2.28s | PROCESSED_USERS=1
2025-09-29 23:15:09 | METRICS | CYCLE_2 | ACTIVE_USERS=1 | CONNECTED_USERS=0 | CONNECTIONS=0
2025-09-29 23:15:15 | METRICS | AI_ANALYSIS | USER=1 | SYMBOL=BTCUSDT | SIGNAL=hold | CONFIDENCE=0.0 | PRICE=114252.9900
2025-09-29 23:15:15 | METRICS | CYCLE_2_COMPLETED | DURATION=6.55s | PROCESSED_USERS=1
2025-09-29 23:15:15 | METRICS | BOT_STOPPED | STATUS=STOPPED
2025-09-29 23:15:25 | METRICS | BOT_INITIALIZED | STATUS=SUCCESS
2025-09-29 23:15:25 | METRICS | BOT_STARTED | STATUS=RUNNING
2025-09-29 23:15:25 | METRICS | CYCLE_1 | ACTIVE_USERS=1 | CONNECTED_USERS=0 | CONNECTIONS=0
2025-09-29 23:15:44 | METRICS | TRADING_ERROR | USER=1 | ERROR='NoneType' object is not subscriptable
2025-09-29 23:15:44 | METRICS | CYCLE_1_COMPLETED | DURATION=18.61s | PROCESSED_USERS=1
2025-09-29 23:15:56 | METRICS | BOT_STOPPED | STATUS=STOPPED
2025-09-29 23:16:06 | METRICS | BOT_INITIALIZED | STATUS=SUCCESS
2025-09-29 23:16:06 | METRICS | BOT_STARTED | STATUS=RUNNING
2025-09-29 23:16:06 | METRICS | CYCLE_1 | ACTIVE_USERS=1 | CONNECTED_USERS=0 | CONNECTIONS=0
2025-09-29 23:16:32 | METRICS | TRADING_ERROR | USER=1 | ERROR='NoneType' object is not subscriptable
2025-09-29 23:16:32 | METRICS | CYCLE_1_COMPLETED | DURATION=26.09s | PROCESSED_USERS=1
2025-09-29 23:17:32 | METRICS | CYCLE_2 | ACTIVE_USERS=1 | CONNECTED_USERS=0 | CONNECTIONS=0
2025-09-29 23:17:52 | METRICS | TRADING_ERROR | USER=1 | ERROR='NoneType' object is not subscriptable
2025-09-29 23:17:52 | METRICS | CYCLE_2_COMPLETED | DURATION=20.03s | PROCESSED_USERS=1
2025-09-29 23:18:34 | METRICS | BOT_STOPPED | STATUS=STOPPED
2025-09-29 23:18:45 | METRICS | BOT_INITIALIZED | STATUS=SUCCESS
2025-09-29 23:18:45 | METRICS | BOT_STARTED | STATUS=RUNNING
2025-09-29 23:18:45 | METRICS | CYCLE_1 | ACTIVE_USERS=1 | CONNECTED_USERS=0 | CONNECTIONS=0
2025-09-29 23:18:48 | METRICS | BOT_STOPPED | STATUS=STOPPED
2025-09-29 23:18:59 | METRICS | BOT_INITIALIZED | STATUS=SUCCESS
2025-09-29 23:18:59 | METRICS | BOT_STARTED | STATUS=RUNNING
2025-09-29 23:18:59 | METRICS | CYCLE_1 | ACTIVE_USERS=1 | CONNECTED_USERS=0 | CONNECTIONS=0
2025-09-29 23:19:07 | METRICS | BOT_STOPPED | STATUS=STOPPED
2025-09-29 23:19:20 | METRICS | BOT_INITIALIZED | STATUS=SUCCESS
2025-09-29 23:19:20 | METRICS | BOT_STARTED | STATUS=RUNNING
2025-09-29 23:19:20 | METRICS | CYCLE_1 | ACTIVE_USERS=1 | CONNECTED_USERS=0 | CONNECTIONS=0
2025-09-29 23:19:48 | METRICS | AI_ANALYSIS | USER=1 | SYMBOL=BTCUSDT | SIGNAL=hold | CONFIDENCE=30.0 | PRICE=114265.3100
2025-09-29 23:19:48 | METRICS | CYCLE_1_COMPLETED | DURATION=28.01s | PROCESSED_USERS=1
2025-09-29 23:20:37 | METRICS | BOT_STOPPED | STATUS=STOPPED
2025-09-29 23:21:46 | METRICS | BOT_INITIALIZED | STATUS=SUCCESS
2025-09-29 23:21:46 | METRICS | BOT_STARTED | STATUS=RUNNING
2025-09-29 23:21:46 | METRICS | CYCLE_1 | ACTIVE_USERS=1 | CONNECTED_USERS=0 | CONNECTIONS=0
2025-09-29 23:22:03 | METRICS | AI_ANALYSIS | USER=1 | SYMBOL=BTCUSDT | SIGNAL=buy | CONFIDENCE=70.0 | PRICE=114291.8500
2025-09-29 23:22:04 | METRICS | TRADE_REJECTED | USER=1 | SYMBOL=BTCUSDT | REASON=Calculated position size is zero
2025-09-29 23:22:04 | METRICS | CYCLE_1_COMPLETED | DURATION=18.04s | PROCESSED_USERS=1
2025-09-29 23:23:04 | METRICS | CYCLE_2 | ACTIVE_USERS=1 | CONNECTED_USERS=0 | CONNECTIONS=0
2025-09-29 23:23:14 | METRICS | AI_ANALYSIS | USER=1 | SYMBOL=BTCUSDT | SIGNAL=hold | CONFIDENCE=95.0 | PRICE=114265.3700
2025-09-29 23:23:14 | METRICS | CYCLE_2_COMPLETED | DURATION=9.83s | PROCESSED_USERS=1
2025-09-29 23:24:14 | METRICS | CYCLE_3 | ACTIVE_USERS=1 | CONNECTED_USERS=0 | CONNECTIONS=0
2025-09-29 23:24:30 | METRICS | AI_ANALYSIS | USER=1 | SYMBOL=BTCUSDT | SIGNAL=sell | CONFIDENCE=55.0 | PRICE=114296.3500
2025-09-29 23:24:31 | METRICS | TRADE_REJECTED | USER=1 | SYMBOL=BTCUSDT | REASON=Signal confidence too low: 55%
2025-09-29 23:24:31 | METRICS | CYCLE_3_COMPLETED | DURATION=17.03s | PROCESSED_USERS=1
2025-09-29 23:25:31 | METRICS | CYCLE_4 | ACTIVE_USERS=1 | CONNECTED_USERS=0 | CONNECTIONS=0
